#
# There is insufficient memory for the Java Runtime Environment to continue.
# Native memory allocation (malloc) failed to allocate 1048576 bytes for AllocateHeap
# Possible reasons:
#   The system is out of physical RAM or swap space
#   The process is running with CompressedOops enabled, and the Java Heap may be blocking the growth of the native heap
# Possible solutions:
#   Reduce memory load on the system
#   Increase physical memory or swap space
#   Check if swap backing store is full
#   Decrease Java heap size (-Xmx/-Xms)
#   Decrease number of Java threads
#   Decrease Java thread stack sizes (-Xss)
#   Set larger code cache with -XX:ReservedCodeCacheSize=
#   JVM is running with Unscaled Compressed Oops mode in which the Java heap is
#     placed in the first 4GB address space. The Java Heap base address is the
#     maximum limit for the native heap growth. Please use -XX:HeapBaseMinAddress
#     to set the Java Heap base and to place the Java Heap above 4GB virtual address.
# This output file may be truncated or incomplete.
#
#  Out of Memory Error (allocation.cpp:44), pid=2376, tid=22764
#
# JRE version:  (19.0.1+10) (build )
# Java VM: Java HotSpot(TM) 64-Bit Server VM (19.0.1+10-21, mixed mode, sharing, tiered, compressed oops, compressed class ptrs, g1 gc, windows-amd64)
# No core dump will be written. Minidumps are not enabled by default on client versions of Windows
#

---------------  S U M M A R Y ------------

Command Line: -Dfile.encoding=UTF-8 -Dstdout.encoding=UTF-8 -Dstderr.encoding=UTF-8 -XX:+ShowCodeDetailsInExceptionMessages com.tnsif.daythree.NestedIfelsedemo

Host: 12th Gen Intel(R) Core(TM) i5-1235U, 12 cores, 7G,  Windows 11 , 64 bit Build 26100 (10.0.26100.4768)
Time: Tue Aug  5 10:06:59 2025 India Standard Time elapsed time: 0.056110 seconds (0d 0h 0m 0s)

---------------  T H R E A D  ---------------

Current thread (0x0000012e5495d1f0):  JavaThread "Unknown thread" [_thread_in_vm, id=22764, stack(0x0000000f00300000,0x0000000f00400000)]

Stack: [0x0000000f00300000,0x0000000f00400000]
Native frames: (J=compiled Java code, j=interpreted, Vv=VM code, C=native code)
V  [jvm.dll+0x6ee8fa]
V  [jvm.dll+0x857a1e]
V  [jvm.dll+0x85940e]
V  [jvm.dll+0x859ac3]
V  [jvm.dll+0x28291f]
V  [jvm.dll+0xc40eb]
V  [jvm.dll+0x335479]
V  [jvm.dll+0x32d574]
V  [jvm.dll+0x821b20]
V  [jvm.dll+0x3c27c1]
V  [jvm.dll+0x8022f1]
V  [jvm.dll+0x44b30f]
V  [jvm.dll+0x44cc91]
C  [jli.dll+0x5287]
C  [ucrtbase.dll+0x37b0]
C  [KERNEL32.DLL+0x2e8d7]
C  [ntdll.dll+0x3c34c]


---------------  P R O C E S S  ---------------

Threads class SMR info:
_java_thread_list=0x00007fff0927d048, length=0, elements={
}

Java Threads: ( => current thread )

Other Threads:
  0x0000012e549b9970 WorkerThread "GC Thread#0" [stack: 0x0000000f00400000,0x0000000f00500000] [id=23840]

[error occurred during error reporting (printing all threads), id 0xc0000005, EXCEPTION_ACCESS_VIOLATION (0xc0000005) at pc=0x00007fff08a3a630]

VM state: not at safepoint (not fully initialized)

VM Mutex/Monitor currently owned by a thread:  ([mutex/lock_event])
[0x0000012e5495aca0] Heap_lock - owner thread: 0x0000012e5495d1f0

Heap address: 0x0000000085200000, size: 1966 MB, Compressed Oops mode: 32-bit

CDS archive(s) mapped at: [0x0000000000000000-0x0000000000000000-0x0000000000000000), size 0, SharedBaseAddress: 0x0000000800000000, ArchiveRelocationMode: 0.
Narrow klass base: 0x0000000000000000, Narrow klass shift: 0, Narrow klass range: 0x0

GC Precious Log:
 CardTable entry size: 512
 Card Set container configuration: InlinePtr #cards 5 size 8 Array Of Cards #cards 12 size 40 Howl #buckets 4 coarsen threshold 1843 Howl Bitmap #cards 512 size 80 coarsen threshold 460 Card regions per heap region 1 cards per card region 2048

Heap:
 garbage-first heap   total 0K, used 0K [0x0000000085200000, 0x0000000100000000)
  region size 1024K, 0 young (0K), 0 survivors (0K)

[error occurred during error reporting (printing heap information), id 0xc0000005, EXCEPTION_ACCESS_VIOLATION (0xc0000005) at pc=0x00007fff08e46959]

GC Heap History (0 events):
No events

Dll operation events (1 events):
Event: 0.022 Loaded shared library C:\Program Files\Java\jdk-19\bin\java.dll

Deoptimization events (0 events):
No events

Classes loaded (0 events):
No events

Classes unloaded (0 events):
No events

Classes redefined (0 events):
No events

Internal exceptions (0 events):
No events

VM Operations (0 events):
No events

Events (0 events):
No events


Dynamic libraries:
0x00007ff7adbf0000 - 0x00007ff7adc00000 	C:\Program Files\Java\jdk-19\bin\javaw.exe
0x00007fff844e0000 - 0x00007fff84747000 	C:\WINDOWS\SYSTEM32\ntdll.dll
0x00007fff83fe0000 - 0x00007fff840a9000 	C:\WINDOWS\System32\KERNEL32.DLL
0x00007fff81a40000 - 0x00007fff81e30000 	C:\WINDOWS\System32\KERNELBASE.dll
0x00007fff816f0000 - 0x00007fff8183b000 	C:\WINDOWS\System32\ucrtbase.dll
0x00007fff77b90000 - 0x00007fff77bab000 	C:\Program Files\Java\jdk-19\bin\VCRUNTIME140.dll
0x00007fff73640000 - 0x00007fff73658000 	C:\Program Files\Java\jdk-19\bin\jli.dll
0x00007fff843e0000 - 0x00007fff84494000 	C:\WINDOWS\System32\ADVAPI32.dll
0x00007fff84240000 - 0x00007fff842e9000 	C:\WINDOWS\System32\msvcrt.dll
0x00007fff840c0000 - 0x00007fff84166000 	C:\WINDOWS\System32\sechost.dll
0x00007fff82270000 - 0x00007fff82388000 	C:\WINDOWS\System32\RPCRT4.dll
0x00007fff82680000 - 0x00007fff82845000 	C:\WINDOWS\System32\USER32.dll
0x00007fff816c0000 - 0x00007fff816e7000 	C:\WINDOWS\System32\win32u.dll
0x00007fff82c90000 - 0x00007fff82cbb000 	C:\WINDOWS\System32\GDI32.dll
0x00007fff81840000 - 0x00007fff81978000 	C:\WINDOWS\System32\gdi32full.dll
0x00007fff6bcc0000 - 0x00007fff6bf5a000 	C:\WINDOWS\WinSxS\amd64_microsoft.windows.common-controls_6595b64144ccf1df_6.0.26100.4768_none_3e0c112ce331287c\COMCTL32.dll
0x00007fff81610000 - 0x00007fff816b3000 	C:\WINDOWS\System32\msvcp_win.dll
0x00007fff76680000 - 0x00007fff7668b000 	C:\WINDOWS\SYSTEM32\VERSION.dll
0x00007fff82cc0000 - 0x00007fff82cef000 	C:\WINDOWS\System32\IMM32.DLL
0x00007fff77ad0000 - 0x00007fff77adc000 	C:\Program Files\Java\jdk-19\bin\vcruntime140_1.dll
0x00007fff33d40000 - 0x00007fff33dce000 	C:\Program Files\Java\jdk-19\bin\msvcp140.dll
0x00007fff08700000 - 0x00007fff093c0000 	C:\Program Files\Java\jdk-19\bin\server\jvm.dll
0x00007fff77160000 - 0x00007fff77195000 	C:\WINDOWS\SYSTEM32\WINMM.dll
0x00007fff49720000 - 0x00007fff4972a000 	C:\WINDOWS\SYSTEM32\WSOCK32.dll
0x00007fff82d00000 - 0x00007fff82d74000 	C:\WINDOWS\System32\WS2_32.dll
0x00007fff80390000 - 0x00007fff803ab000 	C:\WINDOWS\SYSTEM32\kernel.appcore.dll
0x00007fff73630000 - 0x00007fff7363a000 	C:\Program Files\Java\jdk-19\bin\jimage.dll
0x00007fff7ece0000 - 0x00007fff7ef21000 	C:\WINDOWS\SYSTEM32\DBGHELP.DLL
0x00007fff82850000 - 0x00007fff82bd5000 	C:\WINDOWS\System32\combase.dll
0x00007fff82590000 - 0x00007fff82670000 	C:\WINDOWS\System32\OLEAUT32.dll
0x00007fff61530000 - 0x00007fff61573000 	C:\WINDOWS\SYSTEM32\dbgcore.DLL
0x00007fff81fc0000 - 0x00007fff82059000 	C:\WINDOWS\System32\bcryptPrimitives.dll
0x00007fff73600000 - 0x00007fff73626000 	C:\Program Files\Java\jdk-19\bin\java.dll

dbghelp: loaded successfully - version: 4.0.5 - missing functions: none
symbol engine: initialized successfully - sym options: 0x614 - pdb path: .;C:\Program Files\Java\jdk-19\bin;C:\WINDOWS\SYSTEM32;C:\WINDOWS\WinSxS\amd64_microsoft.windows.common-controls_6595b64144ccf1df_6.0.26100.4768_none_3e0c112ce331287c;C:\Program Files\Java\jdk-19\bin\server

VM Arguments:
jvm_args: -Dfile.encoding=UTF-8 -Dstdout.encoding=UTF-8 -Dstderr.encoding=UTF-8 -XX:+ShowCodeDetailsInExceptionMessages 
java_command: com.tnsif.daythree.NestedIfelsedemo
java_class_path (initial): C:\Users\SHIVAM\eclipse-workspace\TNSIF Day Three5\bin
Launcher Type: SUN_STANDARD

[Global flags]
     intx CICompilerCount                          = 4                                         {product} {ergonomic}
     uint ConcGCThreads                            = 3                                         {product} {ergonomic}
     uint G1ConcRefinementThreads                  = 10                                        {product} {ergonomic}
   size_t G1HeapRegionSize                         = 1048576                                   {product} {ergonomic}
    uintx GCDrainStackTargetSize                   = 64                                        {product} {ergonomic}
   size_t InitialHeapSize                          = 130023424                                 {product} {ergonomic}
   size_t MarkStackSize                            = 4194304                                   {product} {ergonomic}
   size_t MaxHeapSize                              = 2061500416                                {product} {ergonomic}
   size_t MinHeapDeltaBytes                        = 1048576                                   {product} {ergonomic}
   size_t MinHeapSize                              = 8388608                                   {product} {ergonomic}
    uintx NonNMethodCodeHeapSize                   = 5839372                                {pd product} {ergonomic}
    uintx NonProfiledCodeHeapSize                  = 122909434                              {pd product} {ergonomic}
    uintx ProfiledCodeHeapSize                     = 122909434                              {pd product} {ergonomic}
    uintx ReservedCodeCacheSize                    = 251658240                              {pd product} {ergonomic}
     bool SegmentedCodeCache                       = true                                      {product} {ergonomic}
     bool ShowCodeDetailsInExceptionMessages       = true                                   {manageable} {command line}
   size_t SoftMaxHeapSize                          = 2061500416                             {manageable} {ergonomic}
     bool UseCompressedClassPointers               = true                           {product lp64_product} {ergonomic}
     bool UseCompressedOops                        = true                           {product lp64_product} {ergonomic}
     bool UseG1GC                                  = true                                      {product} {ergonomic}
     bool UseLargePagesIndividualAllocation        = false                                  {pd product} {ergonomic}

Logging:
Log output configuration:
 #0: stdout all=warning uptime,level,tags foldmultilines=false
 #1: stderr all=off uptime,level,tags foldmultilines=false

Environment Variables:
PATH=C:/Users/SHIVAM/.p2/pool/plugins/org.eclipse.justj.openjdk.hotspot.jre.full.win32.x86_64_21.0.8.v20250724-1412/jre/bin/server;C:/Users/SHIVAM/.p2/pool/plugins/org.eclipse.justj.openjdk.hotspot.jre.full.win32.x86_64_21.0.8.v20250724-1412/jre/bin;C:\Program Files (x86)\Microchip\mplabc18\v3.47\mpasm;C:\Program Files (x86)\Microchip\mplabc18\v3.47\bin;C:\Program Files\Common Files\Oracle\Java\javapath;C:\Program Files (x86)\Common Files\Oracle\Java\javapath;C:\WINDOWS\system32;C:\WINDOWS;C:\WINDOWS\System32\Wbem;C:\WINDOWS\System32\WindowsPowerShell\v1.0\;C:\WINDOWS\System32\OpenSSH\;C:\Program Files\Java\jdk-19\bin;C:\Program Files\Java\jre1.8.0_351\bin;C:\MinGW\bin;C:\Program Files\Microchip\xc8\v2.41\bin;C:\Program Files\MySQL\MySQL Server 8.0\bin;C:\Program Files\nodejs\;C:\Program Files\Java\jre1.8.0_361\lib\ext;C:\Program Files\Git\cmd;C:\Program Files\Docker\Docker\resources\bin;C:\Program Files\MongoDB\mongosh-2.1.5-win32-x64\bin;C:\Program Files\MySQL\MySQL Shell 8.0\bin\;C:\Program Files (x86)\Microchip\mplabc18\v3.47\mpasm;C:\Program Files (x86)\Microchip\mplabc18\v3.47\bin;C:\Users\SHIVAM\AppData\Local\Programs\Python\Python310\Scripts\;C:\Users\SHIVAM\AppData\Local\Programs\Python\Python310\;C:\Users\SHIVAM\AppData\Local\Microsoft\WindowsApps;C:\Users\SHIVAM\AppData\Local\Programs\Microsoft VS Code\bin;C:\Program Files\JetBrains\IntelliJ IDEA Community Edition 2022.3\bin;;C:\Users\SHIVAM\AppData\Roaming\npm;C:\Program Files\JetBrains\PyCharm Community Edition 2022.2.2\bin;;;C:\Users\SHIVAM\Desktop;
USERNAME=SHIVAM
OS=Windows_NT
PROCESSOR_IDENTIFIER=Intel64 Family 6 Model 154 Stepping 4, GenuineIntel
TMP=C:\Users\SHIVAM\AppData\Local\Temp
TEMP=C:\Users\SHIVAM\AppData\Local\Temp



---------------  S Y S T E M  ---------------

OS:
 Windows 11 , 64 bit Build 26100 (10.0.26100.4768)
OS uptime: 7 days 10:14 hours
Hyper-V role detected

CPU: total 12 (initial active 12) (6 cores per cpu, 2 threads per core) family 6 model 154 stepping 4 microcode 0x432, cx8, cmov, fxsr, ht, mmx, 3dnowpref, sse, sse2, sse3, ssse3, sse4.1, sse4.2, popcnt, lzcnt, tsc, tscinvbit, avx, avx2, aes, erms, clmul, bmi1, bmi2, adx, sha, fma, vzeroupper, clflush, clflushopt, clwb, hv, serialize, rdtscp, rdpid, fsrm

Memory: 4k page, system-wide physical 7863M (1271M free)
TotalPageFile size 28518M (AvailPageFile size 6M)
current process WorkingSet (physical memory assigned to process): 12M, peak: 12M
current process commit charge ("private bytes"): 62M, peak: 63M

vm_info: Java HotSpot(TM) 64-Bit Server VM (19.0.1+10-21) for windows-amd64 JRE (19.0.1+10-21), built on 2022-09-14T12:45:06Z by "mach5one" with MS VC++ 17.1 (VS2022)

END.
